<?xml version="1.0" encoding="UTF-8" ?>
<testsuite tests="4" failures="0" name="com.visionit.automation.Runner.TestRunner" time="5.839" errors="4" skipped="0">
  <properties>
    <property name="java.runtime.name" value="Java(TM) SE Runtime Environment"/>
    <property name="sun.boot.library.path" value="C:\Program Files\Java\jdk1.8.0_202\jre\bin"/>
    <property name="java.vm.version" value="25.202-b08"/>
    <property name="browser" value="opera"/>
    <property name="java.vm.vendor" value="Oracle Corporation"/>
    <property name="maven.multiModuleProjectDirectory" value="C:/Users/Abhilasha Anil Wagh/eclipse-workspace/CucumberBDD"/>
    <property name="java.vendor.url" value="http://java.oracle.com/"/>
    <property name="path.separator" value=";"/>
    <property name="guice.disable.misplaced.annotation.check" value="true"/>
    <property name="java.vm.name" value="Java HotSpot(TM) 64-Bit Server VM"/>
    <property name="file.encoding.pkg" value="sun.io"/>
    <property name="user.script" value=""/>
    <property name="user.country" value="IN"/>
    <property name="sun.java.launcher" value="SUN_STANDARD"/>
    <property name="sun.os.patch.level" value=""/>
    <property name="java.vm.specification.name" value="Java Virtual Machine Specification"/>
    <property name="user.dir" value="C:\Users\Abhilasha Anil Wagh\eclipse-workspace\CucumberBDD"/>
    <property name="java.runtime.version" value="1.8.0_202-b08"/>
    <property name="java.awt.graphicsenv" value="sun.awt.Win32GraphicsEnvironment"/>
    <property name="java.endorsed.dirs" value="C:\Program Files\Java\jdk1.8.0_202\jre\lib\endorsed"/>
    <property name="os.arch" value="amd64"/>
    <property name="java.io.tmpdir" value="C:\Users\ABHILA~1\AppData\Local\Temp\"/>
    <property name="line.separator" value="
"/>
    <property name="java.vm.specification.vendor" value="Oracle Corporation"/>
    <property name="user.variant" value=""/>
    <property name="os.name" value="Windows 8.1"/>
    <property name="classworlds.conf" value="C:/apache-maven-3.8.4/bin/m2.conf"/>
    <property name="sun.jnu.encoding" value="Cp1252"/>
    <property name="java.library.path" value="C:\Program Files\Java\jdk1.8.0_202\bin;C:\windows\Sun\Java\bin;C:\windows\system32;C:\windows;C:\Users\Abhilasha Anil Wagh\bin;C:\Program Files\Git\mingw64\bin;C:\Program Files\Git\usr\local\bin;C:\Program Files\Git\usr\bin;C:\Program Files\Git\usr\bin;C:\Program Files\Git\mingw64\bin;C:\Program Files\Git\usr\bin;C:\Users\Abhilasha Anil Wagh\bin;C:\apache-maven-3.8.4\bin;C:\Program Files\Git\cmd;C:\Program Files\Git\usr\bin\vendor_perl;C:\Program Files\Git\usr\bin\core_perl;."/>
    <property name="maven.conf" value="C:/apache-maven-3.8.4/conf"/>
    <property name="java.specification.name" value="Java Platform API Specification"/>
    <property name="java.class.version" value="52.0"/>
    <property name="sun.management.compiler" value="HotSpot 64-Bit Tiered Compilers"/>
    <property name="os.version" value="6.3"/>
    <property name="library.jansi.path" value="C:/apache-maven-3.8.4/lib/jansi-native"/>
    <property name="user.home" value="C:\Users\Abhilasha Anil Wagh"/>
    <property name="user.timezone" value="Asia/Calcutta"/>
    <property name="java.awt.printerjob" value="sun.awt.windows.WPrinterJob"/>
    <property name="java.specification.version" value="1.8"/>
    <property name="file.encoding" value="Cp1252"/>
    <property name="user.name" value="Abhilasha Anil Wagh"/>
    <property name="java.class.path" value="C:/apache-maven-3.8.4/boot/plexus-classworlds-2.6.0.jar"/>
    <property name="java.vm.specification.version" value="1.8"/>
    <property name="sun.arch.data.model" value="64"/>
    <property name="java.home" value="C:\Program Files\Java\jdk1.8.0_202\jre"/>
    <property name="sun.java.command" value="org.codehaus.plexus.classworlds.launcher.Launcher clean verify -Dbrowser=opera"/>
    <property name="java.specification.vendor" value="Oracle Corporation"/>
    <property name="user.language" value="en"/>
    <property name="awt.toolkit" value="sun.awt.windows.WToolkit"/>
    <property name="java.vm.info" value="mixed mode"/>
    <property name="java.version" value="1.8.0_202"/>
    <property name="java.ext.dirs" value="C:\Program Files\Java\jdk1.8.0_202\jre\lib\ext;C:\windows\Sun\Java\lib\ext"/>
    <property name="sun.boot.class.path" value="C:\Program Files\Java\jdk1.8.0_202\jre\lib\resources.jar;C:\Program Files\Java\jdk1.8.0_202\jre\lib\rt.jar;C:\Program Files\Java\jdk1.8.0_202\jre\lib\sunrsasign.jar;C:\Program Files\Java\jdk1.8.0_202\jre\lib\jsse.jar;C:\Program Files\Java\jdk1.8.0_202\jre\lib\jce.jar;C:\Program Files\Java\jdk1.8.0_202\jre\lib\charsets.jar;C:\Program Files\Java\jdk1.8.0_202\jre\lib\jfr.jar;C:\Program Files\Java\jdk1.8.0_202\jre\classes"/>
    <property name="java.vendor" value="Oracle Corporation"/>
    <property name="maven.home" value="C:\apache-maven-3.8.4"/>
    <property name="file.separator" value="\"/>
    <property name="java.vendor.url.bug" value="http://bugreport.sun.com/bugreport/"/>
    <property name="sun.cpu.endian" value="little"/>
    <property name="sun.io.unicode.encoding" value="UnicodeLittle"/>
    <property name="sun.desktop" value="windows"/>
    <property name="sun.cpu.isalist" value="amd64"/>
  </properties>
  <testcase classname="E-Commerce website health check" name="User open the browser and navigate to Url and search for product" time="2.775">
    <error type="java.lang.NullPointerException">java.lang.NullPointerException
	at com.visionit.automation.core.WebDriverFactory.getWebDriverForBrowser(WebDriverFactory.java:38)
	at com.visionit.automation.stepdefs.StepDefs.setUp(StepDefs.java:52)
</error>
    <system-out>
@ui @healthCheck
Scenario: User open the browser and navigate to Url and search for product # Features/healthCheck.feature:4
[FATAL] 2022-06-23 14:37:46.195 [main] WebDriverFactory - No such browser is implemented, browser name is: opera
      java.lang.NullPointerException
	at com.visionit.automation.core.WebDriverFactory.getWebDriverForBrowser(WebDriverFactory.java:38)
	at com.visionit.automation.stepdefs.StepDefs.setUp(StepDefs.java:52)

  Given navigate to url and open the home page                             # com.visionit.automation.stepdefs.StepDefs.navigate_to_url_and_open_the_home_page()
  When user search for product &quot;Laptop&quot;                                    # com.visionit.automation.stepdefs.StepDefs.user_search_for_product(java.lang.String)
  Then search result should display                                        # com.visionit.automation.stepdefs.StepDefs.search_result_should_display()
      java.lang.NullPointerException
	at com.visionit.automation.core.WebDriverFactory.quitTheBrowser(WebDriverFactory.java:54)
	at com.visionit.automation.stepdefs.StepDefs.tearDown(StepDefs.java:63)

</system-out>
  </testcase>
  <testcase classname="E-Commerce website health check" name="User open the browser and navigate to Url and search for product" time="2.778">
    <error type="java.lang.NullPointerException">java.lang.NullPointerException
	at com.visionit.automation.core.WebDriverFactory.quitTheBrowser(WebDriverFactory.java:54)
	at com.visionit.automation.stepdefs.StepDefs.tearDown(StepDefs.java:63)
</error>
  </testcase>
  <testcase classname="E-Commerce website health check" name="user click on desired product and check the product details" time="0.141">
    <error type="java.lang.NullPointerException">java.lang.NullPointerException
	at com.visionit.automation.core.WebDriverFactory.getWebDriverForBrowser(WebDriverFactory.java:38)
	at com.visionit.automation.stepdefs.StepDefs.setUp(StepDefs.java:52)
</error>
    <system-out>
@ui @healthCheck
Scenario: user click on desired product and check the product details # Features/healthCheck.feature:9
[FATAL] 2022-06-23 14:37:46.368 [main] WebDriverFactory - No such browser is implemented, browser name is: opera
      java.lang.NullPointerException
	at com.visionit.automation.core.WebDriverFactory.getWebDriverForBrowser(WebDriverFactory.java:38)
	at com.visionit.automation.stepdefs.StepDefs.setUp(StepDefs.java:52)

  Given navigate to url and open the home page                        # com.visionit.automation.stepdefs.StepDefs.navigate_to_url_and_open_the_home_page()
  And user search for product &quot;earphone&quot;                              # com.visionit.automation.stepdefs.StepDefs.user_search_for_product(java.lang.String)
  When user click on desired product                                  # com.visionit.automation.stepdefs.StepDefs.user_click_on_desired_product()
  Then product description shown on new tab                           # com.visionit.automation.stepdefs.StepDefs.product_description_shown_on_new_tab()
      java.lang.NullPointerException
	at com.visionit.automation.core.WebDriverFactory.quitTheBrowser(WebDriverFactory.java:54)
	at com.visionit.automation.stepdefs.StepDefs.tearDown(StepDefs.java:63)

</system-out>
  </testcase>
  <testcase classname="E-Commerce website health check" name="user click on desired product and check the product details" time="0.145">
    <error type="java.lang.NullPointerException">java.lang.NullPointerException
	at com.visionit.automation.core.WebDriverFactory.quitTheBrowser(WebDriverFactory.java:54)
	at com.visionit.automation.stepdefs.StepDefs.tearDown(StepDefs.java:63)
</error>
  </testcase>
</testsuite>